yarn run v1.22.19
$ react-scripts build
Creating an optimized production build...
Compiled with warnings.

Warning
(108:5) autoprefixer: Gradient has outdated direction syntax. New syntax is like `to left` instead of `right`.

Warning
(346:5) autoprefixer: Gradient has outdated direction syntax. New syntax is like `to left` instead of `right`.

Warning
(386:5) autoprefixer: Gradient has outdated direction syntax. New syntax is like `to left` instead of `right`.

Warning
(458:5) autoprefixer: Gradient has outdated direction syntax. New syntax is like `to left` instead of `right`.

[eslint] 
src/Mobile.tsx
  Line 10:7:   'TestingWasdController' is assigned a value but never used  @typescript-eslint/no-unused-vars
  Line 123:7:  'NesController' is assigned a value but never used          @typescript-eslint/no-unused-vars

Search for the keywords to learn more about each warning.
To ignore, add // eslint-disable-next-line to the line before.

File sizes after gzip:

  204.97 kB  build/static/js/main.0fbb21df.js
  2.22 kB    build/static/css/main.7617ab13.css
  1.79 kB    build/static/js/415.5c7bc217.chunk.js

The project was built assuming it is hosted at /.
You can control this with the homepage field in your package.json.

The build folder is ready to be deployed.
You may serve it with a static server:

  npm install -g serve
  serve -s build

Find out more about deployment here:

  https://cra.link/deployment

Done in 7.81s.
