Arguments: 
  C:\Program Files\nodejs\node.exe C:\Users\racer\AppData\Roaming\npm\node_modules\yarn\bin\yarn.js

PATH: 
  C:\Program Files (x86)\Common Files\Oracle\Java\javapath;C:\Program Files\Python311\Scripts\;C:\Program Files\Python311\;C:\windows\system32;C:\windows;C:\windows\System32\Wbem;C:\windows\System32\WindowsPowerShell\v1.0\;C:\windows\System32\OpenSSH\;C:\Program Files (x86)\NVIDIA Corporation\PhysX\Common;C:\Program Files\NVIDIA Corporation\NVIDIA NvDLISR;C:\WINDOWS\system32;C:\WINDOWS;C:\WINDOWS\System32\Wbem;C:\WINDOWS\System32\WindowsPowerShell\v1.0\;C:\WINDOWS\System32\OpenSSH\;C:\Program Files\Git\cmd;C:\Program Files\MongoDB\Server\6.0\bin;C:\Program Files\mongosh-1.8.0\bin;C:\Users\racer\AppData\Roaming\nvm;C:\Program Files\nodejs;C:\Users\racer\AppData\Local\Microsoft\WindowsApps;C:\VS Code Installed\Microsoft VS Code\bin;C:\Users\racer\AppData\Roaming\npm;C:\Users\racer\AppData\Roaming\nvm;C:\Program Files\nodejs

Yarn version: 
  1.22.19

Node version: 
  18.13.0

Platform: 
  win32 x64

Trace: 
  Error: https://registry.yarnpkg.com/core-js-pure/-/core-js-pure-3.31.1.tgz: ESOCKETTIMEDOUT
      at ClientRequest.<anonymous> (C:\Users\racer\AppData\Roaming\npm\node_modules\yarn\lib\cli.js:141517:19)
      at Object.onceWrapper (node:events:627:28)
      at ClientRequest.emit (node:events:513:28)
      at TLSSocket.emitRequestTimeout (node:_http_client:840:9)
      at Object.onceWrapper (node:events:627:28)
      at TLSSocket.emit (node:events:525:35)
      at Socket._onTimeout (node:net:568:8)
      at listOnTimeout (node:internal/timers:564:17)
      at process.processTimers (node:internal/timers:507:7)

npm manifest: 
  {
    "name": "cast-app",
    "version": "3.24.1",
    "description": "Phaser 3 starter template with TypeScript and webpack.",
    "homepage": "https://github.com/yandeu/phaser-project-template#readme",
    "main": "index.js",
    "scripts": {
      "start": "webpack-dev-server --port 9000 --config webpack/webpack.dev.js",
      "build": "webpack --openssl-legacy-provider --config webpack/webpack.prod.js",
      "bundle": "npm run build",
      "serve": "serve dist"
    },
    "keywords": [
      "Phaser3",
      "Mario"
    ],
    "template": {
      "name": "phaser-project-template",
      "url": "https://github.com/yandeu/phaser-project-template",
      "author": "Yannick Deubel (https://github.com/yandeu)"
    },
    "engines": {
      "node": "16.20.0"
    },
    "license": "MIT",
    "devDependencies": {
      "@babel/cli": "^7.22.5",
      "@babel/core": "^7.22.5",
      "@babel/node": "^7.22.5",
      "@babel/preset-env": "^7.22.5",
      "@babel/preset-react": "^7.22.5",
      "@babel/register": "^7.22.5",
      "babel-loader": "8.2.5",
      "clean-webpack-plugin": "^3.0.0",
      "copy-webpack-plugin": "^5.1.1",
      "html-webpack-plugin": "^3.2.0",
      "serve": "^11.3.2",
      "ts-loader": "^5.4.5",
      "typescript": "^5.1.3",
      "webpack": "^4.46.0",
      "webpack-cli": "^3.3.12",
      "webpack-dev-server": "^3.11.0",
      "webpack-merge": "^4.2.2",
      "webpack-obfuscator": "^0.27.4",
      "workbox-webpack-plugin": "^5.1.3"
    },
    "dependencies": {
      "babel-loader": "8.2.5",
      "phaser": "3.52.0",
      "playroomkit": "0.0.25",
      "tsyringe": "4.4.0",
      "webpack": "^4.46.0"
    },
    "resolutions": {
      "@babel/core": "7.19.6",
      "@babel/generator": "7.19.6",
      "@babel/compat-data": "7.19.4",
      "@babel/helper-compilation-targets": "7.19.3",
      "@babel/helper-create-class-features-plugin": "7.19.0",
      "@babel/helper-module-transforms": "7.19.6",
      "babel-loader": "8.2.5"
    }
  }

yarn manifest: 
  No manifest

Lockfile: 
  No lockfile
