yarn run v1.22.19
$ webpack --openssl-legacy-provider --config webpack/webpack.prod.js
[BABEL] Note: The code generator has deoptimised the styling of /Users/saadbazaz/Projects/Integrated-Mario-TS/node_modules/playroomkit/multiplayer.mjs as it exceeds the max of 500KB.
Hash: 7ada299f86b32cbc179f
Version: webpack 4.46.0
Time: 4791ms
Built at: 06/27/2023 12:01:30 PM
                                 Asset       Size  Chunks                                Chunk Names
                  assets/audio/sfx.ac3   1020 KiB          [emitted]              [big]  
                 assets/audio/sfx.json   2.32 KiB          [emitted]                     
                  assets/audio/sfx.m4a    582 KiB          [emitted]              [big]  
                  assets/audio/sfx.mp3   1020 KiB          [emitted]              [big]  
                  assets/audio/sfx.ogg    431 KiB          [emitted]              [big]  
                 assets/fonts/font.fnt   4.76 KiB          [emitted]                     
                 assets/fonts/font.png  818 bytes          [emitted]                     
              assets/images/clouds.png   1.63 KiB          [emitted]                     
         assets/images/super-mario.png   4.64 KiB          [emitted]                     
          assets/maps/super-mario.json   39.2 KiB          [emitted]                     
             assets/mario-sprites.json   16.9 KiB          [emitted]                     
              assets/mario-sprites.png   23.1 KiB          [emitted]                     
            assets/music/overworld.mp3    604 KiB          [emitted]              [big]  
                     assets/tv-img.png    175 KiB          [emitted]                     
                           favicon.ico     15 KiB          [emitted]                     
                   icons/icons-192.png   45.8 KiB          [emitted]                     
                   icons/icons-512.png    231 KiB          [emitted]                     
                            index.html   1.58 KiB          [emitted]                     
   main.2583f7ae8c899f10f95b.bundle.js    119 KiB       0  [emitted] [immutable]         main
                         manifest.json  458 bytes          [emitted]                     
                                 sw.js   17.7 KiB          [emitted]                     
vendors.9d465f9e8e8d80a9ed94.bundle.js   1.82 MiB       1  [emitted] [immutable]  [big]  vendors
Entrypoint main [big] = vendors.9d465f9e8e8d80a9ed94.bundle.js main.2583f7ae8c899f10f95b.bundle.js
 [2] ./src/scripts/powers/index.ts 1.4 KiB {0} [built]
 [4] ./src/scripts/objects/enemies/index.ts 936 bytes {0} [built]
 [5] ./src/scripts/objects/powerUps/index.ts 984 bytes {0} [built]
 [8] /Users/saadbazaz/Projects/Integrated-Mario-TS/node_modules/tsyringe/dist/esm5/index.js + 31 modules 40.6 KiB {1} [built]
     |    32 modules
 [9] ./src/scripts/objects/player.ts 7.54 KiB {0} [built]
[11] ./src/scripts/utils.ts 964 bytes {0} [built]
[12] ./src/scripts/objects/brick.ts 2.45 KiB {0} [built]
[14] multi ./src/scripts/game.ts ./webpack/credits.js 40 bytes {0} [built]
[15] ./src/scripts/game.ts 4.17 KiB {0} [built]
[17] ./src/scripts/scenes/mainScene.ts 18.6 KiB {0} [built]
[18] ./src/scripts/config.ts 409 bytes {0} [built]
[19] ./src/scripts/helpers/animatedTiles.ts 3.01 KiB {0} [built]
[20] ./src/scripts/helpers/debug.ts 1010 bytes {0} [built]
[49] ./src/scripts/scenes/preloadScene.ts 2.47 KiB {0} [built]
[50] ./webpack/credits.js 782 bytes {0} [built]
    + 36 hidden modules

WARNING in asset size limit: The following asset(s) exceed the recommended size limit (244 KiB).
This can impact web performance.
Assets: 
  vendors.9d465f9e8e8d80a9ed94.bundle.js (1.82 MiB)
  assets/audio/sfx.ogg (431 KiB)
  assets/audio/sfx.m4a (582 KiB)
  assets/audio/sfx.ac3 (1020 KiB)
  assets/music/overworld.mp3 (604 KiB)
  assets/audio/sfx.mp3 (1020 KiB)

WARNING in entrypoint size limit: The following entrypoint(s) combined asset size exceeds the recommended limit (244 KiB). This can impact web performance.
Entrypoints:
  main (1.94 MiB)
      vendors.9d465f9e8e8d80a9ed94.bundle.js
      main.2583f7ae8c899f10f95b.bundle.js


WARNING in webpack performance recommendations: 
You can limit the size of your bundles by using import() or require.ensure to lazy load some parts of your application.
For more info visit https://webpack.js.org/guides/code-splitting/
Child InjectManifest:
     1 asset
    Entrypoint InjectManifest = sw.js
    [4] ./pwa/sw.js + 48 modules 136 KiB {0} [built]
        | ./pwa/sw.js 388 bytes [built]
        |     + 48 hidden modules
        + 4 hidden modules
Child html-webpack-plugin for "index.html":
     1 asset
    Entrypoint undefined = index.html
    [0] ./node_modules/html-webpack-plugin/lib/loader.js!./src/index.html 1.85 KiB {0} [built]
    [2] (webpack)/buildin/global.js 472 bytes {0} [built]
    [3] (webpack)/buildin/module.js 497 bytes {0} [built]
        + 1 hidden module
Done in 5.68s.
